{
  "RSpec": {
    "coverage": {
      "/Users/jaredshelby/Development/code/Prework/tic-tac-toe-rb/lib/tic_tac_toe.rb": [
        null,
        1,
        25,
        25,
        25,
        25,
        25,
        null,
        null,
        null,
        1,
        24,
        null,
        null,
        null,
        1,
        23,
        null,
        null,
        null,
        1,
        26,
        23,
        3,
        3,
        null,
        null,
        null,
        null,
        1,
        22,
        null,
        null,
        null,
        1,
        21,
        null,
        null,
        null,
        1,
        24,
        null,
        null,
        null,
        1,
        null,
        20,
        null,
        null,
        20,
        20,
        1,
        1,
        null,
        null,
        null,
        20,
        null,
        null,
        20,
        null,
        null,
        null,
        null,
        1,
        null,
        null,
        null,
        null,
        null,
        null,
        null,
        null,
        null,
        null,
        1,
        null,
        37,
        null,
        607,
        12,
        487,
        4,
        null,
        null,
        null,
        21,
        null,
        null,
        null,
        1,
        null,
        206,
        null,
        null,
        null,
        1,
        null,
        15,
        null,
        null,
        null,
        1,
        22,
        null,
        null,
        null,
        1,
        7,
        7,
        null,
        null,
        6,
        null,
        null,
        null,
        null,
        1,
        12,
        18,
        null,
        null,
        12,
        5,
        null,
        7,
        null,
        null
      ]
    },
    "timestamp": 1652914144
  }
}
